This is LuaTeX, Version beta-0.80.0 (TeX Live 2015/W32TeX) (rev 5238)  (format=lualatex 2016.4.5)  26 OCT 2021 22:08
 restricted \write18 enabled.
 file:line:error style messages enabled.
**c:/Users/shopp_000/Documents/GitHub/QuantumGate.jl/tex/note
(c:/Users/shopp_000/Documents/GitHub/QuantumGate.jl/tex/note.tex
LaTeX2e <2016/03/31>
Babel <3.9q> and hyphenation patterns for 1 language(s) loaded.
(c:/texlive/2014/texmf-dist/tex/luatex/luatexja/ltjsarticle.cls
Document Class: ltjsarticle 2016/03/31 ltjsclasses 
(c:/texlive/2014/texmf-dist/tex/luatex/luatexja/luatexja.sty
Package: luatexja 2016/03/31 Japanese Typesetting with Lua(La)TeX
 (c:/texlive/2014/texmf-dist/tex/luatex/luatexja/luatexja-core.sty
Package: luatexja-core 2016/03/31 Core of LuaTeX-ja
 (c:/texlive/2014/texmf-dist/tex/luatex/luatexbase/luatexbase.sty
Package: luatexbase 2015/10/04 v1.3 luatexbase interface to LuaTeX 
 (c:/texlive/2014/texmf-dist/tex/luatex/ctablestack/ctablestack.sty
Package: ctablestack 2015/10/01 v1.0 Catcode table stable support
\@catcodetablestackcnt=\count79
)
\CatcodeTableOther=\catcodetable5
\CatcodeTableExpl=\catcodetable6
) (c:/texlive/2014/texmf-dist/tex/luatex/luaotfload/luaotfload.sty
Package: luaotfload 2015/12/09 v2.6 OpenType layout system
Lua module: luaotfload-main 2015/12/09 2.60001 OpenType layout system.
Lua module: lualibs 2015-12-02 2.3 ConTeXt Lua standard libraries.
Lua module: lualibs-extended 2015-12-02 2.3 ConTeXt Lua libraries -- extended collection.(using write cache: C:/texlive/2014/texmf-var/luatex-cache/generic)(using read cache: C:/texlive/2014/texmf-var/luatex-cache/generic C:/Users/shopp_000/.texlive2015/texmf-var/luatex-cache/generic)
luaotfload | conf : Root cache directory is C:/texlive/2014/texmf-var/luatex-cache/generic/names.
luaotfload | init : Loading fontloader “fontloader-2016-02-12.lua” from kpse-resolved path “c:/texlive/2014/texmf-dist/tex/luatex/luaotfload/fontloader-2016-02-12.lua”.
Lua-only attribute luaotfload@state = 1
Lua-only attribute luaotfload@cursbase = 2
Lua-only attribute luaotfload@noligature = 3
luaotfload | init : Context OpenType loader version “2.82”
Inserting `luaotfload.node_processor' at position 1 in `pre_linebreak_filter'.
Inserting `luaotfload.node_processor' at position 1 in `hpack_filter'.
Inserting `luaotfload.define_font' at position 1 in `define_font'.
Lua-only attribute luaotfload_color_attribute = 4
luaotfload | conf : Root cache directory is C:/texlive/2014/texmf-var/luatex-cache/generic/names.
Inserting `luaotfload.aux.set_sscale_dimens' at position 1 in `luaotfload.patch_font'.
Inserting `luaotfload.aux.patch_cambria_domh' at position 2 in `luaotfload.patch_font'.
Inserting `luaotfload.aux.fixup_fontdata' at position 1 in `luaotfload.patch_font_unsafe'.
Inserting `luaotfload.aux.set_capheight' at position 3 in `luaotfload.patch_font'.
Inserting `luaotfload.rewrite_fontname' at position 4 in `luaotfload.patch_font'.
luaotfload | main : initialization completed in 0.078 seconds) (c:/texlive/2014/texmf-dist/tex/generic/oberdiek/ltxcmds.sty
Package: ltxcmds 2011/11/09 v1.22 LaTeX kernel commands for general use (HO)
) (c:/texlive/2014/texmf-dist/tex/generic/oberdiek/pdftexcmds.sty
Package: pdftexcmds 2011/11/29 v0.20 Utility functions of pdfTeX for LuaTeX (HO)
 (c:/texlive/2014/texmf-dist/tex/generic/oberdiek/infwarerr.sty
Package: infwarerr 2010/04/08 v1.3 Providing info/warning/error messages (HO)
) (c:/texlive/2014/texmf-dist/tex/generic/oberdiek/ifluatex.sty
Package: ifluatex 2010/03/01 v1.3 Provides the ifluatex switch (HO)
Package ifluatex Info: LuaTeX detected.
) (c:/texlive/2014/texmf-dist/tex/generic/oberdiek/ifpdf.sty
Package: ifpdf 2011/01/30 v2.3 Provides the ifpdf switch (HO)
Package ifpdf Info: pdfTeX in PDF mode is detected.
)
Package pdftexcmds Info: \pdf@primitive is available.
Package pdftexcmds Info: \pdf@ifprimitive is available.
Package pdftexcmds Info: \pdfdraftmode found.
 (c:/texlive/2014/texmf-dist/tex/generic/oberdiek/luatex-loader.sty
Package: luatex-loader 2010/03/09 v0.4 Lua module loader (HO)

(c:/texlive/2014/texmf-dist/scripts/oberdiek/oberdiek.luatex.lua))
\pdftexcmds@toks=\toks14
) (c:/texlive/2014/texmf-dist/tex/latex/xkeyval/xkeyval.sty
Package: xkeyval 2014/12/03 v2.7a package option processing (HA)
 (c:/texlive/2014/texmf-dist/tex/generic/xkeyval/xkeyval.tex (c:/texlive/2014/texmf-dist/tex/generic/xkeyval/xkvutils.tex
\XKV@toks=\toks15
\XKV@tempa@toks=\toks16
 (c:/texlive/2014/texmf-dist/tex/generic/xkeyval/keyval.tex))
\XKV@depth=\count80
File: xkeyval.tex 2014/12/03 v2.7a key=value parser (HA)
)) (c:/texlive/2014/texmf-dist/tex/generic/oberdiek/atbegshi.sty
Package: atbegshi 2011/10/05 v1.16 At begin shipout hook (HO)
) (c:/texlive/2014/texmf-dist/tex/latex/everyhook/everyhook.sty (c:/texlive/2014/texmf-dist/tex/latex/svn-prov/svn-prov.sty
Package: svn-prov 2010/04/24 v3.1862 Package Date/Version from SVN Keywords
)
Package: everyhook 2014/11/26 v1.2 (SVN Rev: 12)\ Hooks for low level TeX everyX primitives.
 (c:/texlive/2014/texmf-dist/tex/latex/etoolbox/etoolbox.sty
Package: etoolbox 2015/08/02 v2.2a e-TeX tools for LaTeX (JAW)
\etb@tempcnta=\count81
)
\everypar=\toks17
\frozen@everymath=\toks18
\frozen@everydisplay=\toks19
\everyhbox=\toks20
\everyvbox=\toks21
\everycr=\toks22
)
\ltjlineendcomment=\count82
\ltj@zw=\dimen102
\ltj@zh=\dimen103
\jQ=\dimen104
\ltj@icflag=\attribute5
\ltj@curjfnt=\attribute6
\ltj@curtfnt=\attribute7
\ltj@origchar=\attribute8
\ltj@charclass=\attribute9
\ltj@charcode=\attribute10
\ltj@autospc=\attribute11
\ltj@autoxspc=\attribute12
\ltj@yablshift=\attribute13
\ltj@ykblshift=\attribute14
\ltj@tablshift=\attribute15
\ltj@tkblshift=\attribute16
\jfam=\attribute17
\ltj@dir=\attribute18
\ltj@@japanese=\language1
\ltj@tempcnta=\count83
\ltj@kcat0=\attribute19
\ltj@kcat1=\attribute20
\ltj@kcat2=\attribute21
\ltj@kcat3=\attribute22
\ltj@kcat4=\attribute23
\ltj@kcat5=\attribute24
\ltj@kcat6=\attribute25
Custom whatsit inhibitglue = 1
Custom whatsit stack_marker = 2
Custom whatsit begin_par = 3
Custom whatsit direction = 4(load cache: C:/Users/shopp_000/.texlive2015/texmf-var/luatexja/ltj-cid-auto-adobe-japan1.luc)
Lua module: luatexja.charrange 2014/05/08 Handling the range of Japanese characters
Lua module: luatexja.stack 2014/05/08 LuaTeX-ja stack system
Inserting `ltj.create_dir_whatsit' at position 2 in `hpack_filter'.
Inserting `ltj.create_dir_whatsit' at position 1 in `post_linebreak_filter'.
Inserting `ltj.direction' at position 1 in `vpack_filter'.
Inserting `ltj.direction' at position 1 in `pre_output_filter'.
Inserting `ltj.direction' at position 1 in `buildpage_filter'.
Lua module: luatexja.jfont 2016/03/31 Loader for Japanese fonts
Module luatexbase Warning: resetting exclusive callback: define_font on input line 183
Removing  `luaotfload.define_font' from `define_font'.
Inserting `luatexja.font_callback' at position 1 in `define_font'.
Removing  `luaotfload.aux.set_sscale_dimens' from `luaotfload.patch_font'.
Removing  `luaotfload.aux.patch_cambria_domh' from `luaotfload.patch_font'.
Removing  `luaotfload.aux.set_capheight' from `luaotfload.patch_font'.
Removing  `luaotfload.rewrite_fontname' from `luaotfload.patch_font'.
Inserting `ltj.prepare_extra_data' at position 1 in `luaotfload.patch_font'.
Inserting `luaotfload.aux.set_sscale_dimens' at position 2 in `luaotfload.patch_font'.
Inserting `luaotfload.aux.patch_cambria_domh' at position 3 in `luaotfload.patch_font'.
Inserting `luaotfload.aux.set_capheight' at position 4 in `luaotfload.patch_font'.
Inserting `luaotfload.rewrite_fontname' at position 5 in `luaotfload.patch_font'.
Inserting `ltj.prepare_extra_data' at position 1 in `luatexja.define_font'.
Inserting `1' at position 1 in `luatexja.define_jfont'.
Removing  `ltj.prepare_extra_data' from `luaotfload.patch_font'.
Removing  `luaotfload.aux.set_sscale_dimens' from `luaotfload.patch_font'.
Removing  `luaotfload.aux.patch_cambria_domh' from `luaotfload.patch_font'.
Removing  `luaotfload.aux.set_capheight' from `luaotfload.patch_font'.
Removing  `luaotfload.rewrite_fontname' from `luaotfload.patch_font'.
Inserting `ltj.supply_tounicode' at position 1 in `luaotfload.patch_font'.
Inserting `ltj.prepare_extra_data' at position 2 in `luaotfload.patch_font'.
Inserting `luaotfload.aux.set_sscale_dimens' at position 3 in `luaotfload.patch_font'.
Inserting `luaotfload.aux.patch_cambria_domh' at position 4 in `luaotfload.patch_font'.
Inserting `luaotfload.aux.set_capheight' at position 5 in `luaotfload.patch_font'.
Inserting `luaotfload.rewrite_fontname' at position 6 in `luaotfload.patch_font'.
Inserting `ltj.process_input_buffer' at position 1 in `process_input_buffer'.
Inserting `ltj.hyphenate' at position 1 in `hyphenate'.
Removing  `luaotfload.node_processor' from `hpack_filter'.
Removing  `ltj.create_dir_whatsit' from `hpack_filter'.
Inserting `ltj.set_stack_level' at position 1 in `hpack_filter'.
Inserting `luaotfload.node_processor' at position 2 in `hpack_filter'.
Inserting `ltj.create_dir_whatsit' at position 3 in `hpack_filter'.
Removing  `luaotfload.node_processor' from `pre_linebreak_filter'.
Inserting `ltj.set_stack_level' at position 1 in `pre_linebreak_filter'.
Inserting `luaotfload.node_processor' at position 2 in `pre_linebreak_filter'.
Lua module: luatexja.jfmglue 2016/03/31 Insertion process of JFM glues and kanjiskip
Inserting `luatexja.beginpar.np_info' at position 1 in `luatexja.jfmglue.whatsit_getinfo'.
Inserting `luatexja.beginpar.np_info_after' at position 1 in `luatexja.jfmglue.whatsit_after'.
Inserting `ltj.mlist_to_hlist' at position 1 in `mlist_to_hlist'.
Lua module: luatexja.tangle 2011/05/14 
Inserting `ltj.main' at position 3 in `pre_linebreak_filter'.
Removing  `ltj.create_dir_whatsit' from `hpack_filter'.
Inserting `ltj.main' at position 3 in `hpack_filter'.
Inserting `ltj.create_dir_whatsit' at position 4 in `hpack_filter'.
Removing  `ltj.set_stack_level' from `pre_linebreak_filter'.
Removing  `luaotfload.node_processor' from `pre_linebreak_filter'.
Removing  `ltj.main' from `pre_linebreak_filter'.
Inserting `ltj.adjust_icflag' at position 1 in `pre_linebreak_filter'.
Inserting `ltj.set_stack_level' at position 2 in `pre_linebreak_filter'.
Inserting `luaotfload.node_processor' at position 3 in `pre_linebreak_filter'.
Inserting `ltj.main' at position 4 in `pre_linebreak_filter'.
Removing  `ltj.set_stack_level' from `hpack_filter'.
Removing  `luaotfload.node_processor' from `hpack_filter'.
Removing  `ltj.main' from `hpack_filter'.
Removing  `ltj.create_dir_whatsit' from `hpack_filter'.
Inserting `ltj.adjust_icflag' at position 1 in `hpack_filter'.
Inserting `ltj.set_stack_level' at position 2 in `hpack_filter'.
Inserting `luaotfload.node_processor' at position 3 in `hpack_filter'.
Inserting `ltj.main' at position 4 in `hpack_filter'.
Inserting `ltj.create_dir_whatsit' at position 5 in `hpack_filter'. (c:/texlive/2014/texmf-dist/tex/luatex/luatexja/ltj-base.sty
Package: ltj-base 2014/07/18
\ltj@tempcntb=\count84
\ltj@tempcntc=\count85
\ltj@tempdima=\dimen105
\ltj@afbox=\box26
)
\ltj@@jfont@inner=\luafunction1
\ltj@zw@inner=\luafunction2
\ltj@zh@inner=\luafunction3
\ltj@reset@globaldefs@inner=\luafunction4
\ltj@restore@globaldefs@inner=\luafunction5
\ltj@@ihb@inner=\luafunction6
\ltj@@stack=\count86
\ltj@@group@level=\count87
\ltjsetkanjiskip@inner=\luafunction7
\ltjsetxkanjiskip@inner=\luafunction8
\ltj@@box@dirhook=\luafunction9
\ltj@@reset@badness@inner=\luafunction10
 (c:/texlive/2014/texmf-dist/tex/luatex/luatexja/ltj-latex.sty
Package: ltj-latex 2015/09/21 LaTeX support of LuaTeX-ja
 (c:/texlive/2014/texmf-dist/tex/luatex/luatexja/patches/lltjfont.sty
Package: lltjfont 2016/02/07 Patch to NFSS2 for LuaTeX-ja
\Cht=\dimen106
\cht=\dimen107
\Cdp=\dimen108
\cdp=\dimen109
\Cwd=\dimen110
\cwd=\dimen111
\Cvs=\dimen112
\cvs=\dimen113
\Chs=\dimen114
\chs=\dimen115
\cHT=\dimen116
\dstrutbox=\box27
\tstrutbox=\box28
\zstrutbox=\box29
 (c:/texlive/2014/texmf-dist/tex/latex/ms/everysel.sty
Package: everysel 2011/10/28 v1.2 EverySelectfont Package (MS)
) ABD: EverySelectfont initializing macros
LaTeX Info: Redefining \selectfont on input line 277.
\ltj@@adjust@baseline@inner=\luafunction11
LaTeX Info: Redefining \fontencoding on input line 452.
LaTeX Info: Redefining \fontfamily on input line 497.
LaTeX Info: Redefining \fontseries on input line 531.
LaTeX Info: Redefining \fontshape on input line 534.
LaTeX Info: Redefining \normalfont on input line 546.
) (c:/texlive/2014/texmf-dist/tex/luatex/luatexja/patches/lltjdefs.sty
Package: lltjdefs 2016/01/30 Default font settings of LuaTeX-ja
Package lltjdefs Info: Cannot find file `luatexja.cfg'.
LaTeX Font Info:    Font shape `JT3/mc/m/n' will be
(Font)              scaled to size 9.6222pt on input line 44.
luaotfload | cache : Lookup cache loaded from C:/texlive/2014/texmf-var/luatex-cache/generic/names/luaotfload-lookup-cache.luc.
luaotfload | db : Font names database loaded from C:/texlive/2014/texmf-var/luatex-cache/generic/names/luaotfload-names.luc
luaotfload | load : Lookup/name: "IPAExMincho" -> "ipaexm.ttf"(load luc: C:/texlive/2014/texmf-var/luatex-cache/generic/fonts/otf/ipaexm.luc)(load cache: C:/Users/shopp_000/.texlive2015/texmf-var/luatexja/extra_ipaexm.luc)
(c:/texlive/2014/texmf-dist/tex/luatex/luatexja/jfm-ujisv.lua)
LaTeX Font Info:    Font shape `JY3/mc/m/n' will be
(Font)              scaled to size 9.6222pt on input line 44.
luaotfload | load : Lookup/name: "IPAExMincho" -> "ipaexm.ttf"
(c:/texlive/2014/texmf-dist/tex/luatex/luatexja/jfm-ujis.lua)
\symmincho=\mathgroup4
LaTeX Font Info:    Overwriting symbol font `mincho' in version `bold'
(Font)                  JY3/mc/m/n --> JY3/gt/m/n on input line 53.
LaTeX Info: Redefining \rmfamily on input line 60.
LaTeX Info: Redefining \sffamily on input line 64.
LaTeX Info: Redefining \ttfamily on input line 68.
) (c:/texlive/2014/texmf-dist/tex/luatex/luatexja/patches/lltjcore.sty
Package: lltjcore 2015/01/01 Patch to LaTeX2e Kernel for LuaTeX-ja
\@tombowwidth=\dimen117
\@TL=\box30
\@Tl=\box31
\@TC=\box32
\@TR=\box33
\@Tr=\box34
\@BL=\box35
\@Bl=\box36
\@BC=\box37
\@BR=\box38
\@Br=\box39
\@CL=\box40
\@CR=\box41
\@bannertoken=\toks23
\@@paperheight=\dimen118
\@@paperwidth=\dimen119
\@@topmargin=\dimen120
\hour=\count88
\minute=\count89
) (c:/texlive/2014/texmf-dist/tex/luatex/luatexja/patches/lltjp-geometry.sty
Package: lltjp-geometry 2015/01/04 Patch to geometry for LuaTeX-ja with vertical writing mode
 (c:/texlive/2014/texmf-dist/tex/latex/filehook/filehook.sty
Package: filehook 2011/10/12 v0.5d Hooks for input files
)))
\ltj@temp@cctb=\catcodetable7
) (c:/texlive/2014/texmf-dist/tex/luatex/luatexja/luatexja-compat.sty
Package: luatexja-compat 2015/05/09 Compatibility with pTeX
(load cache: C:/Users/shopp_000/.texlive2015/texmf-var/luatexja/ltj-jisx0208.luc)
\hour=\count90
\minute=\count91
))
\ltjs@mpt=\dimen121
 (c:/texlive/2014/texmf-dist/tex/latex/type1cm/type1cm.sty
Package: type1cm 2002/09/05 v0.04 BlueSky/Y&Y Type1 CM font definitions (DPC, patched RF)
)
LaTeX Font Info:    Font shape `JY3/mc/m/n' will be
(Font)              scaled to size 9.24713pt on input line 381.
luaotfload | load : Lookup/name: "IPAExMincho" -> "ipaexm.ttf"
\fullwidth=\dimen122
LaTeX Font Info:    Font shape `JT3/mc/m/n' will be
(Font)              scaled to size 7.3977pt on input line 516.
luaotfload | load : Lookup/name: "IPAExMincho" -> "ipaexm.ttf"
LaTeX Font Info:    Font shape `JY3/mc/m/n' will be
(Font)              scaled to size 7.3977pt on input line 516.
luaotfload | load : Lookup/name: "IPAExMincho" -> "ipaexm.ttf"
\c@part=\count92
\c@section=\count93
\c@subsection=\count94
\c@subsubsection=\count95
\c@paragraph=\count96
\c@subparagraph=\count97
\@abstractbox=\box42
\c@figure=\count98
\c@table=\count99
\abovecaptionskip=\skip41
\belowcaptionskip=\skip42
LaTeX Info: Redefining \mc on input line 1116.
LaTeX Info: Redefining \gt on input line 1117.
\js@tocl@width=\dimen123
\@lnumwidth=\dimen124
\bibindent=\dimen125
LaTeX Info: Redefining \TeX on input line 1450.
LaTeX Info: Redefining \LaTeX on input line 1476.
LaTeX Info: Redefining \LaTeXe on input line 1501.
\heisei=\count100
) (c:/texlive/2014/texmf-dist/tex/latex/amsmath/amsmath.sty
Package: amsmath 2016/03/10 v2.15b AMS math features
\@mathmargin=\skip43

For additional information on amsmath, use the `?' option.
(c:/texlive/2014/texmf-dist/tex/latex/amsmath/amstext.sty
Package: amstext 2000/06/29 v2.01 AMS text
 (c:/texlive/2014/texmf-dist/tex/latex/amsmath/amsgen.sty
File: amsgen.sty 1999/11/30 v2.0 generic functions
\@emptytoks=\toks24
\ex@=\dimen126
)) (c:/texlive/2014/texmf-dist/tex/latex/amsmath/amsbsy.sty
Package: amsbsy 1999/11/29 v1.2d Bold Symbols
\pmbraise@=\dimen127
) (c:/texlive/2014/texmf-dist/tex/latex/amsmath/amsopn.sty
Package: amsopn 2016/03/08 v2.02 operator names
)
\inf@bad=\count101
LaTeX Info: Redefining \frac on input line 199.
\uproot@=\count102
\leftroot@=\count103
LaTeX Info: Redefining \overline on input line 297.
\classnum@=\count104
\DOTSCASE@=\count105
LaTeX Info: Redefining \ldots on input line 394.
LaTeX Info: Redefining \dots on input line 397.
LaTeX Info: Redefining \cdots on input line 518.
\Mathstrutbox@=\box43
\strutbox@=\box44
\big@size=\dimen128
LaTeX Font Info:    Redeclaring font encoding OML on input line 634.
LaTeX Font Info:    Redeclaring font encoding OMS on input line 635.
\macc@depth=\count106
\c@MaxMatrixCols=\count107
\dotsspace@=\muskip10
\c@parentequation=\count108
\dspbrk@lvl=\count109
\tag@help=\toks25
\row@=\count110
\column@=\count111
\maxfields@=\count112
\andhelp@=\toks26
\eqnshift@=\dimen129
\alignsep@=\dimen130
\tagshift@=\dimen131
\tagwidth@=\dimen132
\totwidth@=\dimen133
\lineht@=\dimen134
\@envbody=\toks27
\multlinegap=\skip44
\multlinetaggap=\skip45
\mathdisplay@stack=\toks28
LaTeX Info: Redefining \[ on input line 2739.
LaTeX Info: Redefining \] on input line 2740.
) (c:/texlive/2014/texmf-dist/tex/latex/amsfonts/amssymb.sty
Package: amssymb 2013/01/14 v3.01 AMS font symbols
 (c:/texlive/2014/texmf-dist/tex/latex/amsfonts/amsfonts.sty
Package: amsfonts 2013/01/14 v3.01 Basic AMSFonts support
\symAMSa=\mathgroup5
\symAMSb=\mathgroup6
LaTeX Font Info:    Overwriting math alphabet `\mathfrak' in version `bold'
(Font)                  U/euf/m/n --> U/euf/b/n on input line 106.
)) (c:/texlive/2014/texmf-dist/tex/latex/base/latexsym.sty
Package: latexsym 1998/08/17 v2.2e Standard LaTeX package (lasy symbols)
\symlasy=\mathgroup7
LaTeX Font Info:    Overwriting symbol font `lasy' in version `bold'
(Font)                  U/lasy/m/n --> U/lasy/b/n on input line 52.
) (c:/texlive/2014/texmf-dist/tex/latex/jknapltx/mathrsfs.sty
Package: mathrsfs 1996/01/01 Math RSFS package v1.0 (jk)
\symrsfs=\mathgroup8
) (c:/texlive/2014/texmf-dist/tex/latex/tools/bm.sty
Package: bm 2016/02/27 v1.2a Bold Symbol Support (DPC/FMi)
\symboldoperators=\mathgroup9
\symboldletters=\mathgroup10
\symboldsymbols=\mathgroup11
\symboldmincho=\mathgroup12
LaTeX Font Info:    Redeclaring math alphabet \mathbf on input line 142.
LaTeX Info: Redefining \bm on input line 208.
) (c:/texlive/2014/texmf-dist/tex/latex/qcircuit/qcircuit.sty
Package: qcircuit 2014/06/29
 (c:/texlive/2014/texmf-dist/tex/generic/xypic/xy.sty (c:/texlive/2014/texmf-dist/tex/generic/xypic/xy.tex Bootstrap'ing: catcodes, docmode, (c:/texlive/2014/texmf-dist/tex/generic/xypic/xyrecat.tex) (c:/texlive/2014/texmf-dist/tex/generic/xypic/xyidioms.tex)

 Xy-pic version 3.8.9 <2013/10/06>
 Copyright (c) 1991-2013 by Kristoffer H. Rose <krisrose@tug.org> and others
 Xy-pic is free software: see the User's Guide for details.

Loading kernel: messages; fonts; allocations: state,
\X@c=\dimen135
\Y@c=\dimen136
\U@c=\dimen137
\D@c=\dimen138
\L@c=\dimen139
\R@c=\dimen140
\Edge@c=\toks29
\X@p=\dimen141
\Y@p=\dimen142
\U@p=\dimen143
\D@p=\dimen144
\L@p=\dimen145
\R@p=\dimen146
\Edge@p=\toks30
\X@origin=\dimen147
\Y@origin=\dimen148
\X@xbase=\dimen149
\Y@xbase=\dimen150
\X@ybase=\dimen151
\Y@ybase=\dimen152
\X@min=\dimen153
\Y@min=\dimen154
\X@max=\dimen155
\Y@max=\dimen156
\lastobjectbox@=\box45
\zerodotbox@=\box46
\almostz@=\dimen157
 direction,
\d@X=\dimen158
\d@Y=\dimen159
\K@=\count113
\KK@=\count114
\Direction=\count115
\K@dXdY=\dimen160
\K@dYdX=\dimen161
\xyread@=\read1
\xywrite@=\write3
\csp@=\count116
\quotPTK@=\dimen162
 utility macros; pictures: \xy, positions,
\swaptoks@@=\toks31
\connectobjectbox@@=\box47
 objects,
\styletoks@=\toks32
 decorations; kernel objects: directionals, circles, text; options; algorithms: directions, edges, connections;  Xy-pic loaded)
Package: xy 2013/10/06 Xy-pic version 3.8.9
 (c:/texlive/2014/texmf-dist/tex/generic/xypic/xypdf.tex  Xy-pic option: PDF driver v.1.7 loaded)) (c:/texlive/2014/texmf-dist/tex/generic/xypic/xymatrix.tex  Xy-pic option: Matrix feature v.3.14
\Row=\count117
\Col=\count118
\queue@=\toks33
\queue@@=\toks34
\qcount@=\count119
\qcount@@=\count120
\matrixsize@=\count121
 loaded) (c:/texlive/2014/texmf-dist/tex/generic/xypic/xyframe.tex  Xy-pic option: Frame and Bracket extension v.3.14 loaded) Xy-pic pdf driver: `frame' extension support (c:/texlive/2014/texmf-dist/tex/generic/xypic/xypdf-fr.tex (c:/texlive/2014/texmf-dist/tex/generic/xypic/xycurve.tex  Xy-pic option: Curve and Spline extension v.3.12 curve,
\crv@cnt@=\count122
\crvpts@=\toks35
\splinebox@=\box48
\splineval@=\dimen163
\splinedepth@=\dimen164
\splinetol@=\dimen165
\splinelength@=\dimen166
 circles,
\L@=\dimen167
 loaded) Xy-pic pdf driver: `curve' extension support (c:/texlive/2014/texmf-dist/tex/generic/xypic/xypdf-cu.tex loaded) loaded) (c:/texlive/2014/texmf-dist/tex/generic/xypic/xyarrow.tex  Xy-pic option: Arrow and Path feature v.3.9 path, \ar, loaded) (c:/texlive/2014/texmf-dist/tex/generic/xypic/xyarc.tex  Xy-pic option: Circle, Ellipse, Arc feature v.3.8 circles, ellipses, elliptical arcs, loaded)) (c:/texlive/2014/texmf-dist/tex/latex/graphics/graphicx.sty
Package: graphicx 2014/10/28 v1.0g Enhanced LaTeX Graphics (DPC,SPQR)
 (c:/texlive/2014/texmf-dist/tex/latex/graphics/graphics.sty
Package: graphics 2016/01/03 v1.0q Standard LaTeX Graphics (DPC,SPQR)
 (c:/texlive/2014/texmf-dist/tex/latex/graphics/trig.sty
Package: trig 2016/01/03 v1.10 sin cos tan (DPC)
) (c:/texlive/2014/texmf-dist/tex/latex/latexconfig/graphics.cfg
File: graphics.cfg 2010/04/23 v1.9 graphics configuration of TeX Live
)
Package graphics Info: Driver file: pdftex.def on input line 95.
 (c:/texlive/2014/texmf-dist/tex/latex/pdftex-def/pdftex.def
File: pdftex.def 2011/05/27 v0.06d Graphics/color for pdfTeX
\Gread@gobject=\count123
))
\Gin@req@height=\dimen168
\Gin@req@width=\dimen169
) (c:/texlive/2014/texmf-dist/tex/latex/oberdiek/grffile.sty
Package: grffile 2012/04/05 v1.16 Extended file name support for graphics (HO)
 (c:/texlive/2014/texmf-dist/tex/generic/ifxetex/ifxetex.sty
Package: ifxetex 2010/09/12 v0.6 Provides ifxetex conditional
) (c:/texlive/2014/texmf-dist/tex/latex/oberdiek/kvoptions.sty
Package: kvoptions 2011/06/30 v3.11 Key value format for package options (HO)
 (c:/texlive/2014/texmf-dist/tex/generic/oberdiek/kvsetkeys.sty
Package: kvsetkeys 2012/04/25 v1.16 Key value parser (HO)
 (c:/texlive/2014/texmf-dist/tex/generic/oberdiek/etexcmds.sty
Package: etexcmds 2011/02/16 v1.5 Avoid name clashes with e-TeX commands (HO)
)))
Package grffile Info: Option `multidot' is set to `true'.
Package grffile Info: Option `extendedchars' is set to `false'.
Package grffile Info: Option `space' is set to `true'.
Package grffile Info: \Gin@ii of package `graphicx' fixed on input line 486.
) (c:/texlive/2014/texmf-dist/tex/latex/xcolor/xcolor.sty
Package: xcolor 2007/01/21 v2.11 LaTeX color extensions (UK)
 (c:/texlive/2014/texmf-dist/tex/latex/latexconfig/color.cfg
File: color.cfg 2007/01/18 v1.5 color configuration of teTeX/TeXLive
)
Package xcolor Info: Driver file: pdftex.def on input line 225.
Package xcolor Info: Model `cmy' substituted by `cmy0' on input line 1337.
Package xcolor Info: Model `hsb' substituted by `rgb' on input line 1341.
Package xcolor Info: Model `RGB' extended on input line 1353.
Package xcolor Info: Model `HTML' substituted by `rgb' on input line 1355.
Package xcolor Info: Model `Hsb' substituted by `hsb' on input line 1356.
Package xcolor Info: Model `tHsb' substituted by `hsb' on input line 1357.
Package xcolor Info: Model `HSB' substituted by `hsb' on input line 1358.
Package xcolor Info: Model `Gray' substituted by `gray' on input line 1359.
Package xcolor Info: Model `wave' substituted by `hsb' on input line 1360.
 (c:/texlive/2014/texmf-dist/tex/latex/xcolor/svgnam.def
File: svgnam.def 2007/01/21 v2.11 Predefined colors according to SVG 1.1 (UK)
)) (c:/texlive/2014/texmf-dist/tex/latex/hyperref/hyperref.sty
Package: hyperref 2012/11/06 v6.83m Hypertext links for LaTeX
 (c:/texlive/2014/texmf-dist/tex/generic/oberdiek/hobsub-hyperref.sty
Package: hobsub-hyperref 2012/05/28 v1.13 Bundle oberdiek, subset hyperref (HO)
 (c:/texlive/2014/texmf-dist/tex/generic/oberdiek/hobsub-generic.sty
Package: hobsub-generic 2012/05/28 v1.13 Bundle oberdiek, subset generic (HO)
Package: hobsub 2012/05/28 v1.13 Construct package bundles (HO)
Package hobsub Info: Skipping package `infwarerr' (already loaded).
Package hobsub Info: Skipping package `ltxcmds' (already loaded).
Package hobsub Info: Skipping package `ifluatex' (already loaded).
Package: ifvtex 2010/03/01 v1.5 Detect VTeX and its facilities (HO)
Package ifvtex Info: VTeX not detected.
Package: intcalc 2007/09/27 v1.1 Expandable calculations with integers (HO)
Package hobsub Info: Skipping package `ifpdf' (already loaded).
Package hobsub Info: Skipping package `etexcmds' (already loaded).
Package hobsub Info: Skipping package `kvsetkeys' (already loaded).
Package: kvdefinekeys 2011/04/07 v1.3 Define keys (HO)
Package hobsub Info: Skipping package `luatex-loader' (already loaded).
Package hobsub Info: Skipping package `pdftexcmds' (already loaded).
Package: pdfescape 2011/11/25 v1.13 Implements pdfTeX's escape features (HO)
Package: bigintcalc 2012/04/08 v1.3 Expandable calculations on big integers (HO)
Package: bitset 2011/01/30 v1.1 Handle bit-vector datatype (HO)
Package: uniquecounter 2011/01/30 v1.2 Provide unlimited unique counter (HO)
)
Package hobsub Info: Skipping package `hobsub' (already loaded).
Package: letltxmacro 2010/09/02 v1.4 Let assignment for LaTeX macros (HO)
Package: hopatch 2012/05/28 v1.2 Wrapper for package hooks (HO)
Package: xcolor-patch 2011/01/30 xcolor patch
Package: atveryend 2011/06/30 v1.8 Hooks at the very end of document (HO)
Package hobsub Info: Skipping package `atbegshi' (already loaded).
Package: refcount 2011/10/16 v3.4 Data extraction from label references (HO)
Package: hycolor 2011/01/30 v1.7 Color options for hyperref/bookmark (HO)
) (c:/texlive/2014/texmf-dist/tex/latex/oberdiek/auxhook.sty
Package: auxhook 2011/03/04 v1.3 Hooks for auxiliary files (HO)
)
\@linkdim=\dimen170
\Hy@linkcounter=\count124
\Hy@pagecounter=\count125
 (c:/texlive/2014/texmf-dist/tex/latex/hyperref/pd1enc.def
File: pd1enc.def 2012/11/06 v6.83m Hyperref: PDFDocEncoding definition (HO)
)
\Hy@SavedSpaceFactor=\count126
 (c:/texlive/2014/texmf-dist/tex/latex/latexconfig/hyperref.cfg
File: hyperref.cfg 2002/06/06 v1.2 hyperref configuration of TeXLive
)
Package hyperref Info: Option `colorlinks' set `true' on input line 4319.
Package hyperref Info: Option `unicode' set `true' on input line 4319.
 (c:/texlive/2014/texmf-dist/tex/latex/hyperref/puenc.def
File: puenc.def 2012/11/06 v6.83m Hyperref: PDF Unicode definition (HO)
)
Package hyperref Info: Option `linktocpage' set `true' on input line 4319.
Package hyperref Info: Option `bookmarks' set `true' on input line 4319.
Package hyperref Info: Option `bookmarksnumbered' set `true' on input line 4319.
Package hyperref Info: Hyper figures OFF on input line 4443.
Package hyperref Info: Link nesting OFF on input line 4448.
Package hyperref Info: Hyper index ON on input line 4451.
Package hyperref Info: Plain pages OFF on input line 4458.
Package hyperref Info: Backreferencing OFF on input line 4463.
Package hyperref Info: Implicit mode ON; LaTeX internals redefined.
Package hyperref Info: Bookmarks ON on input line 4688.
\c@Hy@tempcnt=\count127
 (c:/texlive/2014/texmf-dist/tex/latex/url/url.sty
\Urlmuskip=\muskip11
Package: url 2013/09/16  ver 3.4  Verb mode for urls, etc.
)
LaTeX Info: Redefining \url on input line 5041.
\XeTeXLinkMargin=\dimen171
\Fld@menulength=\count128
\Field@Width=\dimen172
\Fld@charsize=\dimen173
Package hyperref Info: Hyper figures OFF on input line 6295.
Package hyperref Info: Link nesting OFF on input line 6300.
Package hyperref Info: Hyper index ON on input line 6303.
Package hyperref Info: backreferencing OFF on input line 6310.
Package hyperref Info: Link coloring ON on input line 6313.
Package hyperref Info: Link coloring with OCG OFF on input line 6320.
Package hyperref Info: PDF/A mode OFF on input line 6325.
LaTeX Info: Redefining \ref on input line 6365.
LaTeX Info: Redefining \pageref on input line 6369.
\Hy@abspage=\count129
\c@Item=\count130
\c@Hfootnote=\count131
)

Package hyperref Message: Driver (autodetected): hpdftex.

(c:/texlive/2014/texmf-dist/tex/latex/hyperref/hpdftex.def
File: hpdftex.def 2012/11/06 v6.83m Hyperref driver for pdfTeX
\Fld@listcount=\count132
\c@bookmark@seq@number=\count133
 (c:/texlive/2014/texmf-dist/tex/latex/oberdiek/rerunfilecheck.sty
Package: rerunfilecheck 2011/04/15 v1.7 Rerun checks for auxiliary files (HO)
Package uniquecounter Info: New unique counter `rerunfilecheck' on input line 282.
)
\Hy@SectionHShift=\skip46
) (./note.aux)
\openout1 = note.aux

LaTeX Font Info:    Checking defaults for OML/cmm/m/it on input line 50.
LaTeX Font Info:    ... okay on input line 50.
LaTeX Font Info:    Checking defaults for T1/cmr/m/n on input line 50.
LaTeX Font Info:    ... okay on input line 50.
LaTeX Font Info:    Checking defaults for OT1/cmr/m/n on input line 50.
LaTeX Font Info:    ... okay on input line 50.
LaTeX Font Info:    Checking defaults for OMS/cmsy/m/n on input line 50.
LaTeX Font Info:    ... okay on input line 50.
LaTeX Font Info:    Checking defaults for OMX/cmex/m/n on input line 50.
LaTeX Font Info:    ... okay on input line 50.
LaTeX Font Info:    Checking defaults for U/cmr/m/n on input line 50.
LaTeX Font Info:    ... okay on input line 50.
LaTeX Font Info:    Checking defaults for JY3/mc/m/n on input line 50.
LaTeX Font Info:    ... okay on input line 50.
LaTeX Font Info:    Checking defaults for JT3/mc/m/n on input line 50.
LaTeX Font Info:    ... okay on input line 50.
LaTeX Font Info:    Checking defaults for PD1/pdf/m/n on input line 50.
LaTeX Font Info:    ... okay on input line 50.
LaTeX Font Info:    Checking defaults for PU/pdf/m/n on input line 50.
LaTeX Font Info:    ... okay on input line 50.
\AtBeginShipoutBox=\box49
 ABD: EverySelectfont initializing macros
LaTeX Info: Redefining \selectfont on input line 50.
LaTeX Font Info:    Font shape `JY3/mc/m/n' will be
(Font)              scaled to size 6.47299pt on input line 50.
luaotfload | load : Lookup/name: "IPAExMincho" -> "ipaexm.ttf"
LaTeX Font Info:    Font shape `JY3/mc/m/n' will be
(Font)              scaled to size 4.62357pt on input line 50.
luaotfload | load : Lookup/name: "IPAExMincho" -> "ipaexm.ttf"
LaTeX Font Info:    Try loading font information for U+rsfs on input line 50.
 (c:/texlive/2014/texmf-dist/tex/latex/jknapltx/ursfs.fd
File: ursfs.fd 1998/03/24 rsfs font definition file (jk)
)
LaTeX Font Info:    Font shape `JY3/gt/m/n' will be
(Font)              scaled to size 9.24713pt on input line 50.
luaotfload | load : Lookup/name: "IPAExGothic" -> "ipaexg.ttf"(load luc: C:/texlive/2014/texmf-var/luatex-cache/generic/fonts/otf/ipaexg.luc)(load cache: C:/Users/shopp_000/.texlive2015/texmf-var/luatexja/extra_ipaexg.luc)
LaTeX Font Info:    Font shape `JY3/gt/m/n' will be
(Font)              scaled to size 6.47299pt on input line 50.
luaotfload | load : Lookup/name: "IPAExGothic" -> "ipaexg.ttf"
LaTeX Font Info:    Font shape `JY3/gt/m/n' will be
(Font)              scaled to size 4.62357pt on input line 50.
luaotfload | load : Lookup/name: "IPAExGothic" -> "ipaexg.ttf"
Package xypdf Info: Line width: 0.39998pt on input line 50.
 (c:/texlive/2014/texmf-dist/tex/context/base/supp-pdf.mkii
[Loading MPS to PDF converter (version 2006.09.02).]
\scratchcounter=\count134
\scratchdimen=\dimen174
\scratchbox=\box50
\nofMPsegments=\count135
\nofMParguments=\count136
\everyMPshowfont=\toks36
\MPscratchCnt=\count137
\MPscratchDim=\dimen175
\MPnumerator=\count138
\makeMPintoPDFobject=\count139
\everyMPtoPDFconversion=\toks37
) (c:/texlive/2014/texmf-dist/tex/latex/oberdiek/epstopdf-base.sty
Package: epstopdf-base 2010/02/09 v2.5 Base part for package epstopdf
 (c:/texlive/2014/texmf-dist/tex/latex/oberdiek/grfext.sty
Package: grfext 2010/08/19 v1.1 Manage graphics extensions (HO)
)
Package grfext Info: Graphics extension search list:
(grfext)             [.png,.pdf,.jpg,.mps,.tif,.jpeg,.PNG,.PDF,.JPG,.JPEG,.eps]
(grfext)             \AppendGraphicsExtensions on input line 452.
 (c:/texlive/2014/texmf-dist/tex/latex/latexconfig/epstopdf-sys.cfg
File: epstopdf-sys.cfg 2010/07/13 v1.3 Configuration of (r)epstopdf for TeX Live
))
Package hyperref Info: Link coloring ON on input line 50.
 (c:/texlive/2014/texmf-dist/tex/latex/hyperref/nameref.sty
Package: nameref 2012/10/27 v2.43 Cross-referencing by name of section
 (c:/texlive/2014/texmf-dist/tex/generic/oberdiek/gettitlestring.sty
Package: gettitlestring 2010/12/03 v1.4 Cleanup title references (HO)
)
\c@section@level=\count140
)
LaTeX Info: Redefining \ref on input line 50.
LaTeX Info: Redefining \pageref on input line 50.
LaTeX Info: Redefining \nameref on input line 50.
 (./note.out) (./note.out)
\@outlinefile=\write4

\openout4 = note.out
LaTeX Font Info:    Font shape `JT3/mc/m/n' will be
(Font)              scaled to size 15.97903pt on input line 61.
luaotfload | load : Lookup/name: "IPAExMincho" -> "ipaexm.ttf"
LaTeX Font Info:    Font shape `JY3/mc/m/n' will be
(Font)              scaled to size 15.97903pt on input line 61.
luaotfload | load : Lookup/name: "IPAExMincho" -> "ipaexm.ttf"
LaTeX Font Info:    Font shape `JT3/mc/m/n' will be
(Font)              scaled to size 11.09656pt on input line 61.
luaotfload | load : Lookup/name: "IPAExMincho" -> "ipaexm.ttf"
LaTeX Font Info:    Font shape `JY3/mc/m/n' will be
(Font)              scaled to size 11.09656pt on input line 61.
luaotfload | load : Lookup/name: "IPAExMincho" -> "ipaexm.ttf"
LaTeX Font Info:    Font shape `JY3/mc/m/n' will be
(Font)              scaled to size 5.54828pt on input line 61.
luaotfload | load : Lookup/name: "IPAExMincho" -> "ipaexm.ttf"
LaTeX Font Info:    Font shape `JY3/gt/m/n' will be
(Font)              scaled to size 11.09656pt on input line 61.
luaotfload | load : Lookup/name: "IPAExGothic" -> "ipaexg.ttf"
LaTeX Font Info:    Font shape `JY3/gt/m/n' will be
(Font)              scaled to size 7.3977pt on input line 61.
luaotfload | load : Lookup/name: "IPAExGothic" -> "ipaexg.ttf"
LaTeX Font Info:    Font shape `JY3/gt/m/n' will be
(Font)              scaled to size 5.54828pt on input line 61.
luaotfload | load : Lookup/name: "IPAExGothic" -> "ipaexg.ttf"
LaTeX Font Info:    Font shape `JT3/gt/m/n' will be
(Font)              scaled to size 9.24713pt on input line 61.
luaotfload | load : Lookup/name: "IPAExGothic" -> "ipaexg.ttf"
LaTeX Font Info:    Font shape `JT3/mc/m/n' will be
(Font)              scaled to size 13.31586pt on input line 61.
luaotfload | load : Lookup/name: "IPAExMincho" -> "ipaexm.ttf"
LaTeX Font Info:    Font shape `JY3/mc/m/n' will be
(Font)              scaled to size 13.31586pt on input line 61.
luaotfload | load : Lookup/name: "IPAExMincho" -> "ipaexm.ttf"
LaTeX Font Info:    Font shape `JT3/gt/m/n' will be
(Font)              scaled to size 13.31586pt on input line 61.
luaotfload | load : Lookup/name: "IPAExGothic" -> "ipaexg.ttf"
LaTeX Font Info:    Font shape `JY3/gt/m/n' will be
(Font)              scaled to size 13.31586pt on input line 61.
luaotfload | load : Lookup/name: "IPAExGothic" -> "ipaexg.ttf" (./note.toc)
\tf@toc=\write5

\openout5 = note.toc
 [1

{c:/texlive/2014/texmf-var/fonts/map/pdftex/updmap/pdftex.map}]
LaTeX Font Info:    Font shape `JT3/gt/m/n' will be
(Font)              scaled to size 11.09656pt on input line 213.
luaotfload | load : Lookup/name: "IPAExGothic" -> "ipaexg.ttf" <xymatrix
LaTeX Font Info:    Font shape `JT3/mc/m/n' will be
(Font)              scaled to size 6.47299pt on input line 222.
luaotfload | load : Lookup/name: "IPAExMincho" -> "ipaexm.ttf"
LaTeX Font Info:    Font shape `JT3/mc/m/n' will be
(Font)              scaled to size 4.62357pt on input line 222.
luaotfload | load : Lookup/name: "IPAExMincho" -> "ipaexm.ttf" 5x2 592> [2] [3] [4] [5]
Package atveryend Info: Empty hook `BeforeClearDocument' on input line 648.
 [6]
Package atveryend Info: Empty hook `AfterLastShipout' on input line 648.
 (./note.aux)
Package atveryend Info: Executing hook `AtVeryEndDocument' on input line 648.
Package atveryend Info: Executing hook `AtEndAfterFileList' on input line 648.
Package rerunfilecheck Info: File `note.out' has not changed.
(rerunfilecheck)             Checksum: 9CF549773E278251375ACC57B8D56704;747.
)

Here is how much of LuaTeX's memory you used:
 14922 strings out of 495003
 156261,383344 words of node,token memory allocated
 19002 words of node memory still in use:
   19 hlist, 2 vlist, 6 rule, 13 glue, 223 kern, 5680 attribute, 1188 glue_spec, 293 attribute_list, 1 write, 2 pdf_literal, 2 pdf_save, 2 pdf_restore, 23 user_defined nodes
   avail lists: 1:5,2:33647,3:1035,4:2383,5:371,6:1756,7:546,8:45,9:2129,10:12
 17815 multiletter control sequences out of 65536+600000
 117 fonts using 39254791 bytes
 49i,19n,43p,1470b,1135s stack positions out of 5000i,500n,10000p,200000b,100000s
<c:/texlive/2014/texmf-dist/fonts/truetype/public/ipaex/ipaexg.ttf><c:/texlive/2014/texmf-dist/fonts/truetype/public/ipaex/ipaexm.ttf><<c:/texlive/2014/texmf-dist/fonts/type1/public/amsfonts/cm/cmex10.pfb><<c:/texlive/2014/texmf-dist/fonts/type1/public/amsfonts/cmextra/cmex7.pfb><<c:/texlive/2014/texmf-dist/fonts/type1/public/amsfonts/cm/cmmi10.pfb><<c:/texlive/2014/texmf-dist/fonts/type1/public/amsfonts/cm/cmmi5.pfb><<c:/texlive/2014/texmf-dist/fonts/type1/public/amsfonts/cm/cmmi7.pfb><<c:/texlive/2014/texmf-dist/fonts/type1/public/amsfonts/cm/cmr10.pfb><<c:/texlive/2014/texmf-dist/fonts/type1/public/amsfonts/cm/cmr12.pfb><<c:/texlive/2014/texmf-dist/fonts/type1/public/amsfonts/cm/cmr5.pfb><<c:/texlive/2014/texmf-dist/fonts/type1/public/amsfonts/cm/cmr7.pfb><<c:/texlive/2014/texmf-dist/fonts/type1/public/amsfonts/cm/cmss10.pfb><<c:/texlive/2014/texmf-dist/fonts/type1/public/amsfonts/cm/cmss12.pfb><<c:/texlive/2014/texmf-dist/fonts/type1/public/amsfonts/cm/cmsy10.pfb><<c:/texlive/2014/texmf-dist/fonts/type1/public/amsfonts/cm/cmsy5.pfb><<c:/texlive/2014/texmf-dist/fonts/type1/public/amsfonts/cm/cmsy7.pfb>
Output written on note.pdf (6 pages, 507946 bytes).

PDF statistics: 218 PDF objects out of 1000 (max. 8388607)
 188 compressed objects within 2 object streams
 92 named destinations out of 1000 (max. 131072)
 49 words of extra memory for PDF output out of 10000 (max. 10000000)

